<?xml version="1.0" encoding="UTF-8"?>
<!-- Generated by org.testng.reporters.JUnitReportReporter -->
<testsuite hostname="LAPTOP-4KV6TJMD" failures="0" tests="2" name="com.TestNG.test.CBayDriver" time="2.408" errors="0" timestamp="11 Mar 2018 12:28:49 GMT" skipped="0">
  <testcase classname="com.TestNG.test.CBayDriver" name="logInToMercury" time="2.344"/>
  <testcase classname="com.TestNG.test.CBayDriver" name="confirmHomepage" time="0.064"/>
</testsuite> <!-- com.TestNG.test.CBayDriver -->
