<?xml version="1.0" encoding="UTF-8"?>
<!-- Generated by org.testng.reporters.JUnitReportReporter -->
<testsuite hostname="LAPTOP-4KV6TJMD" failures="0" tests="14" name="com.TestNG.test.CBayDriver" time="69.269" errors="0" timestamp="11 Mar 2018 21:27:49 GMT" skipped="0">
  <testcase classname="com.TestNG.test.CBayDriver" name="ConfirmHomePage" time="1.043"/>
  <testcase classname="com.TestNG.test.CBayDriver" name="logInToCBay" time="17.696"/>
  <testcase classname="com.TestNG.test.CBayDriver" name="ConfirmProfileLanding" time="0.025"/>
  <testcase classname="com.TestNG.test.CBayDriver" name="EditProfile" time="2.473"/>
  <testcase classname="com.TestNG.test.CBayDriver" name="SearchItem" time="2.405"/>
  <testcase classname="com.TestNG.test.CBayDriver" name="ConfirmSearchLanding" time="26.466"/>
  <testcase classname="com.TestNG.test.CBayDriver" name="ClickItem" time="3.896"/>
  <testcase classname="com.TestNG.test.CBayDriver" name="ConfirmItemLanding" time="0.161"/>
  <testcase classname="com.TestNG.test.CBayDriver" name="AddItemToCart" time="10.307"/>
  <testcase classname="com.TestNG.test.CBayDriver" name="ConfirmCartLanding" time="0.025"/>
  <testcase classname="com.TestNG.test.CBayDriver" name="CheckOut" time="4.135"/>
  <testcase classname="com.TestNG.test.CBayDriver" name="ConfirmOrderLanding" time="0.026"/>
  <testcase classname="com.TestNG.test.CBayDriver" name="SignOut" time="0.561"/>
  <testcase classname="com.TestNG.test.CBayDriver" name="ConfirmSignOutLanding" time="0.050"/>
</testsuite> <!-- com.TestNG.test.CBayDriver -->
